<?xml version="1.0" encoding="UTF-8"?>
<!-- Generated by org.testng.reporters.JUnitXMLReporter -->
<testsuite hostname="Nirmal-PC" ignored="0" name="Feedback And Insights" tests="1" failures="1" timestamp="05 May 2017 17:06:08 GMT" time="77.82" errors="0">
  <testcase name="submitNewFeedback" time="64.547" classname="automationFramework.FeedbackAndInsightsTest">
    <failure type="java.lang.AssertionError" message="The following asserts failed:
	expected [true] but found [false]">
      <![CDATA[java.lang.AssertionError: The following asserts failed:
	expected [true] but found [false]
	at automationFramework.FeedbackAndInsightsTest.submitNewFeedback(FeedbackAndInsightsTest.java:329)
... Removed 26 stack frames]]>
    </failure>
  </testcase> <!-- submitNewFeedback -->
</testsuite> <!-- Feedback And Insights -->
