<?xml version="1.0" encoding="UTF-8"?>
<!-- Generated by org.testng.reporters.JUnitXMLReporter -->
<testsuite hostname="Nirmal-PC" ignored="0" name="Feedback And Insights Cancel Link" tests="5" failures="3" timestamp="08 May 2017 15:44:40 GMT" time="54.005" errors="0">
  <testcase name="Answer_ReplyClick" time="0.017" classname="automationFramework.CancelLinkOnFeedback">
    <failure type="java.lang.AssertionError" message="expected [true] but found [false]">
      <![CDATA[java.lang.AssertionError: expected [true] but found [false]
	at automationFramework.CancelLinkOnFeedback.Answer_ReplyClick(CancelLinkOnFeedback.java:459)
... Removed 29 stack frames]]>
    </failure>
  </testcase> <!-- Answer_ReplyClick -->
  <testcase name="Not_discussedClick" time="0.001" classname="automationFramework.CancelLinkOnFeedback">
    <failure type="java.lang.AssertionError" message="expected [true] but found [false]">
      <![CDATA[java.lang.AssertionError: expected [true] but found [false]
	at automationFramework.CancelLinkOnFeedback.Not_discussedClick(CancelLinkOnFeedback.java:463)
... Removed 29 stack frames]]>
    </failure>
  </testcase> <!-- Not_discussedClick -->
  <testcase name="SelectingMultipleTopic" time="40.846" classname="automationFramework.CancelLinkOnFeedback"/>
  <testcase name="UserClicksonReplyandthenClicksonNotDiscussed" time="0.001" classname="automationFramework.CancelLinkOnFeedback">
    <failure type="java.lang.AssertionError" message="expected [true] but found [false]">
      <![CDATA[java.lang.AssertionError: expected [true] but found [false]
	at automationFramework.CancelLinkOnFeedback.UserClicksonReplyandthenClicksonNotDiscussed(CancelLinkOnFeedback.java:451)
... Removed 29 stack frames]]>
    </failure>
  </testcase> <!-- UserClicksonReplyandthenClicksonNotDiscussed -->
  <testcase name="UserisabletoReplywithoutenteringMoreDeatils" time="0.001" classname="automationFramework.CancelLinkOnFeedback"/>
</testsuite> <!-- Feedback And Insights Cancel Link -->
