<?xml version="1.0" encoding="UTF-8"?>
<!-- Generated by org.testng.reporters.JUnitXMLReporter -->
<testsuite hostname="Nirmal-PC" ignored="0" name="Feedback And Insights" tests="2" failures="0" timestamp="28 Apr 2017 14:11:34 GMT" time="34.528" errors="0">
  <testcase name="ContactNameField" time="10.044" classname="automationFramework.FeedbackAndInsightsTest"/>
  <testcase name="RequiredFieldValidationFeedbackForm" time="10.481" classname="automationFramework.FeedbackAndInsightsTest"/>
</testsuite> <!-- Feedback And Insights -->
