<?xml version="1.0" encoding="UTF-8"?>
<!-- Generated by org.testng.reporters.JUnitXMLReporter -->
<testsuite hostname="Nirmal-PC" ignored="0" name="Forgot Password" tests="3" failures="0" timestamp="08 May 2017 06:09:24 GMT" time="37.222" errors="0">
  <testcase name="ForgotPasswardWorking" time="3.557" classname="automationFramework.ForgotPasswordTest"/>
  <testcase name="ForgotPasswardWithEmptyEmail" time="8.7" classname="automationFramework.ForgotPasswordTest"/>
  <testcase name="ForgotPasswardWithInvalidEmail" time="3.086" classname="automationFramework.ForgotPasswordTest"/>
</testsuite> <!-- Forgot Password -->
