<?xml version="1.0" encoding="UTF-8"?>
<!-- Generated by org.testng.reporters.JUnitXMLReporter -->
<testsuite hostname="Nirmal-PC" ignored="0" name="Forgot Password" tests="3" failures="0" timestamp="26 Apr 2017 14:47:20 GMT" time="34.342" errors="0">
  <testcase name="ForgotPasswardWorking" time="2.135" classname="automationFramework.ForgotPasswordTest"/>
  <testcase name="ForgotPasswardWithEmptyEmail" time="8.238" classname="automationFramework.ForgotPasswordTest"/>
  <testcase name="ForgotPasswardWithInvalidEmail" time="3.075" classname="automationFramework.ForgotPasswordTest"/>
</testsuite> <!-- Forgot Password -->
