<?xml version="1.0" encoding="UTF-8"?>
<!-- Generated by org.testng.reporters.JUnitXMLReporter -->
<testsuite hostname="Nirmal-PC" ignored="0" name="Sign Up" tests="3" failures="0" timestamp="26 Apr 2017 14:45:57 GMT" time="104.851" errors="0">
  <testcase name="SignUpwithfieldsempty" time="3.821" classname="automationFramework.NewUserRegistrarionTest"/>
  <testcase name="SignUpwithInvalidPassword" time="42.309" classname="automationFramework.NewUserRegistrarionTest"/>
  <testcase name="SignUpwithInvalidEmail" time="43.667" classname="automationFramework.NewUserRegistrarionTest"/>
</testsuite> <!-- Sign Up -->
