<?xml version="1.0" encoding="UTF-8"?>
<!-- Generated by org.testng.reporters.JUnitXMLReporter -->
<testsuite hostname="Nirmal-PC" ignored="0" name="Sign in" tests="8" failures="0" timestamp="08 May 2017 06:08:46 GMT" time="51.278" errors="0">
  <testcase name="SigninwithInvalidEmailID" time="3.332" classname="automationFramework.ExistingUserSignInTest"/>
  <testcase name="nonExistingUserLogin" time="2.683" classname="automationFramework.ExistingUserSignInTest"/>
  <testcase name="validEmailAndInvalidPassword" time="2.756" classname="automationFramework.ExistingUserSignInTest"/>
  <testcase name="validEmailAndEmptyPassword" time="2.626" classname="automationFramework.ExistingUserSignInTest"/>
  <testcase name="EmptyEmailAndEmptyPassword" time="2.124" classname="automationFramework.ExistingUserSignInTest"/>
  <testcase name="ForgotPasswardWorking" time="3.087" classname="automationFramework.ExistingUserSignInTest"/>
  <testcase name="SignUpLinkWorking" time="7.028" classname="automationFramework.ExistingUserSignInTest"/>
  <testcase name="SigninwithvalidEmailIDandPassword" time="8.403" classname="automationFramework.ExistingUserSignInTest"/>
</testsuite> <!-- Sign in -->
