<?xml version="1.0" encoding="UTF-8"?>
<!-- Generated by org.testng.reporters.JUnitXMLReporter -->
<testsuite hostname="Nirmal-PC" ignored="0" name="Forgot Password" tests="3" failures="0" timestamp="26 Apr 2017 13:54:21 GMT" time="29.232" errors="0">
  <testcase name="ForgotPasswardWorking" time="2.249" classname="automationFramework.ForgotPasswordTest"/>
  <testcase name="ForgotPasswardWithEmptyEmail" time="8.039" classname="automationFramework.ForgotPasswordTest"/>
  <testcase name="ForgotPasswardWithInvalidEmail" time="3.019" classname="automationFramework.ForgotPasswordTest"/>
</testsuite> <!-- Forgot Password -->
