<?xml version="1.0" encoding="UTF-8"?>
<!-- Generated by org.testng.reporters.JUnitXMLReporter -->
<testsuite hostname="Nirmal-PC" ignored="0" name="Sign Up" tests="3" failures="0" timestamp="26 Apr 2017 13:52:54 GMT" time="126.075" errors="0">
  <testcase name="SignUpwithfieldsempty" time="5.38" classname="automationFramework.NewUserRegistrarionTest"/>
  <testcase name="SignUpwithInvalidPassword" time="45.544" classname="automationFramework.NewUserRegistrarionTest"/>
  <testcase name="SignUpwithInvalidEmail" time="40.323" classname="automationFramework.NewUserRegistrarionTest"/>
</testsuite> <!-- Sign Up -->
