<?xml version="1.0" encoding="UTF-8"?>
<testsuite name="Sign in"
           tests="8"
           failures="0"
           errors="0"
           skipped="0"
           time="32.039">
  <properties />
  
  
            <testcase name="EmptyEmailAndEmptyPassword" time="2.124" classname="automationFramework.ExistingUserSignInTest" />
                <testcase name="ForgotPasswardWorking" time="3.087" classname="automationFramework.ExistingUserSignInTest" />
                <testcase name="validEmailAndEmptyPassword" time="2.626" classname="automationFramework.ExistingUserSignInTest" />
                <testcase name="nonExistingUserLogin" time="2.683" classname="automationFramework.ExistingUserSignInTest" />
                <testcase name="validEmailAndInvalidPassword" time="2.756" classname="automationFramework.ExistingUserSignInTest" />
                <testcase name="SignUpLinkWorking" time="7.028" classname="automationFramework.ExistingUserSignInTest" />
                <testcase name="SigninwithvalidEmailIDandPassword" time="8.403" classname="automationFramework.ExistingUserSignInTest" />
                <testcase name="SigninwithInvalidEmailID" time="3.332" classname="automationFramework.ExistingUserSignInTest" />
      
</testsuite>
