<?xml version="1.0" encoding="UTF-8"?>
<testsuite name="Sign Up"
           tests="3"
           failures="0"
           errors="0"
           skipped="0"
           time="100.186">
  <properties />
  
  
            <testcase name="SignUpwithfieldsempty" time="3.712" classname="automationFramework.NewUserRegistrarionTest" />
                <testcase name="SignUpwithInvalidPassword" time="45.203" classname="automationFramework.NewUserRegistrarionTest" />
                <testcase name="SignUpwithInvalidEmail" time="51.271" classname="automationFramework.NewUserRegistrarionTest" />
      
</testsuite>
