<?xml version="1.0" encoding="UTF-8"?>
<testsuite name="Forgot Password"
           tests="3"
           failures="0"
           errors="0"
           skipped="0"
           time="13.448">
  <properties />
  
  
            <testcase name="ForgotPasswardWithEmptyEmail" time="8.238" classname="automationFramework.ForgotPasswordTest" />
                <testcase name="ForgotPasswardWorking" time="2.135" classname="automationFramework.ForgotPasswordTest" />
                <testcase name="ForgotPasswardWithInvalidEmail" time="3.075" classname="automationFramework.ForgotPasswordTest" />
      
</testsuite>
