<?xml version="1.0" encoding="UTF-8"?>
<testng-results skipped="0" failed="0" ignored="0" total="1" passed="1">
  <reporter-output>
  </reporter-output>
  <suite name="GoKernel Automation Suite" duration-ms="45997" started-at="2017-05-06T15:37:42Z" finished-at="2017-05-06T15:38:28Z">
    <groups>
    </groups>
    <test name="Feedback And Insights" duration-ms="45997" started-at="2017-05-06T15:37:42Z" finished-at="2017-05-06T15:38:28Z">
      <class name="automationFramework.FeedbackAndInsightsTest">
        <test-method status="PASS" signature="setsysproperties()[pri:0, instance:automationFramework.FeedbackAndInsightsTest@187ed94]" name="setsysproperties" is-config="true" duration-ms="12" started-at="2017-05-06T21:07:42Z" finished-at="2017-05-06T21:07:42Z">
          <reporter-output>
          </reporter-output>
        </test-method> <!-- setsysproperties -->
        <test-method status="PASS" signature="launchBrowser(java.lang.String)[pri:0, instance:automationFramework.FeedbackAndInsightsTest@187ed94]" name="launchBrowser" is-config="true" duration-ms="12941" started-at="2017-05-06T21:07:42Z" finished-at="2017-05-06T21:07:55Z">
          <params>
            <param index="0">
              <value>
                <![CDATA[Chrome]]>
              </value>
            </param>
          </params>
          <reporter-output>
          </reporter-output>
        </test-method> <!-- launchBrowser -->
        <test-method status="PASS" signature="RemoveIDSMember()[pri:13, instance:automationFramework.FeedbackAndInsightsTest@187ed94]" name="RemoveIDSMember" duration-ms="33041" started-at="2017-05-06T21:07:55Z" finished-at="2017-05-06T21:08:28Z">
          <reporter-output>
          </reporter-output>
        </test-method> <!-- RemoveIDSMember -->
      </class> <!-- automationFramework.FeedbackAndInsightsTest -->
    </test> <!-- Feedback And Insights -->
  </suite> <!-- GoKernel Automation Suite -->
</testng-results>
