<?xml version="1.0" encoding="UTF-8"?>
<testng-results skipped="0" failed="0" ignored="0" total="2" passed="2">
  <reporter-output>
  </reporter-output>
  <suite name="GoKernel Automation Suite" duration-ms="34528" started-at="2017-04-28T14:11:00Z" finished-at="2017-04-28T14:11:34Z">
    <groups>
    </groups>
    <test name="Feedback And Insights" duration-ms="34528" started-at="2017-04-28T14:11:00Z" finished-at="2017-04-28T14:11:34Z">
      <class name="automationFramework.FeedbackAndInsightsTest">
        <test-method status="PASS" signature="setsysproperties()[pri:0, instance:automationFramework.FeedbackAndInsightsTest@1e2dbf3]" name="setsysproperties" is-config="true" duration-ms="8" started-at="2017-04-28T19:41:00Z" finished-at="2017-04-28T19:41:00Z">
          <reporter-output>
          </reporter-output>
        </test-method> <!-- setsysproperties -->
        <test-method status="PASS" signature="launchBrowser(java.lang.String)[pri:0, instance:automationFramework.FeedbackAndInsightsTest@1e2dbf3]" name="launchBrowser" is-config="true" duration-ms="13978" started-at="2017-04-28T19:41:00Z" finished-at="2017-04-28T19:41:14Z">
          <params>
            <param index="0">
              <value>
                <![CDATA[Chrome]]>
              </value>
            </param>
          </params>
          <reporter-output>
          </reporter-output>
        </test-method> <!-- launchBrowser -->
        <test-method status="PASS" signature="ContactNameField()[pri:0, instance:automationFramework.FeedbackAndInsightsTest@1e2dbf3]" name="ContactNameField" duration-ms="10044" started-at="2017-04-28T19:41:14Z" finished-at="2017-04-28T19:41:24Z">
          <reporter-output>
          </reporter-output>
        </test-method> <!-- ContactNameField -->
        <test-method status="PASS" signature="RequiredFieldValidationFeedbackForm()[pri:0, instance:automationFramework.FeedbackAndInsightsTest@1e2dbf3]" name="RequiredFieldValidationFeedbackForm" duration-ms="10481" started-at="2017-04-28T19:41:24Z" finished-at="2017-04-28T19:41:34Z">
          <reporter-output>
          </reporter-output>
        </test-method> <!-- RequiredFieldValidationFeedbackForm -->
      </class> <!-- automationFramework.FeedbackAndInsightsTest -->
    </test> <!-- Feedback And Insights -->
  </suite> <!-- GoKernel Automation Suite -->
</testng-results>
