<?xml version="1.0" encoding="UTF-8"?>
<testsuite name="Sign Up"
           tests="3"
           failures="0"
           errors="0"
           skipped="0"
           time="91.247">
  <properties />
  
  
            <testcase name="SignUpwithInvalidPassword" time="45.544" classname="automationFramework.NewUserRegistrarionTest" />
                <testcase name="SignUpwithInvalidEmail" time="40.323" classname="automationFramework.NewUserRegistrarionTest" />
                <testcase name="SignUpwithfieldsempty" time="5.380" classname="automationFramework.NewUserRegistrarionTest" />
      
</testsuite>
