<?xml version="1.0" encoding="UTF-8"?>
<!-- Generated by org.testng.reporters.JUnitXMLReporter -->
<testsuite hostname="Nirmal-PC" ignored="0" name="Sending Mail" tests="1" failures="1" timestamp="27 Apr 2017 08:52:29 GMT" time="3.179" errors="0">
  <testcase name="mail" time="3.148" classname="automationFramework.Mail">
    <failure type="java.lang.RuntimeException" message="javax.mail.AuthenticationFailedException: 534-5.7.14 &amp;lt;https://accounts.google.com/signin/continue?sarp=1&amp;amp;scc=1&amp;amp;plt=AKgnsbsy
534-5.7.14 HmiZuJoGFUg_MZVoaLjH5WDL-2beu0hjLgZX2GgUmUjYyoitt_SlYYMXQH-yTWAp2GkM9B
534-5.7.14 WuW2MzgksiaGQrEtcU-LFh3gbG2EEPJl2J1kNhwrxePVrjqLYLZ0UBmBnk69XYFrZn9vWU
534-5.7.14 -2WvIVsn1HDcdtUGyaG-E83IqTnPEM1XozjVuC3nn4jSTCouO8Lzs6x6OlZ4_QRmz95Xw3
534-5.7.14 4Z_yLM7FCkdlmWe5jZvQ6eYIujRn8&amp;gt; Please log in via your web browser and
534-5.7.14 then try again.
534-5.7.14  Learn more at
534 5.7.14  https://support.google.com/mail/answer/78754 x2sm3314536pfi.80 - gsmtp
">
      <![CDATA[java.lang.RuntimeException: javax.mail.AuthenticationFailedException: 534-5.7.14 <https://accounts.google.com/signin/continue?sarp=1&scc=1&plt=AKgnsbsy
534-5.7.14 HmiZuJoGFUg_MZVoaLjH5WDL-2beu0hjLgZX2GgUmUjYyoitt_SlYYMXQH-yTWAp2GkM9B
534-5.7.14 WuW2MzgksiaGQrEtcU-LFh3gbG2EEPJl2J1kNhwrxePVrjqLYLZ0UBmBnk69XYFrZn9vWU
534-5.7.14 -2WvIVsn1HDcdtUGyaG-E83IqTnPEM1XozjVuC3nn4jSTCouO8Lzs6x6OlZ4_QRmz95Xw3
534-5.7.14 4Z_yLM7FCkdlmWe5jZvQ6eYIujRn8> Please log in via your web browser and
534-5.7.14 then try again.
534-5.7.14  Learn more at
534 5.7.14  https://support.google.com/mail/answer/78754 x2sm3314536pfi.80 - gsmtp

	at automationFramework.Mail.sendEmail(Mail.java:93)
	at automationFramework.Mail.mail(Mail.java:33)
Caused by: javax.mail.AuthenticationFailedException: 534-5.7.14 <https://accounts.google.com/signin/continue?sarp=1&scc=1&plt=AKgnsbsy
534-5.7.14 HmiZuJoGFUg_MZVoaLjH5WDL-2beu0hjLgZX2GgUmUjYyoitt_SlYYMXQH-yTWAp2GkM9B
534-5.7.14 WuW2MzgksiaGQrEtcU-LFh3gbG2EEPJl2J1kNhwrxePVrjqLYLZ0UBmBnk69XYFrZn9vWU
534-5.7.14 -2WvIVsn1HDcdtUGyaG-E83IqTnPEM1XozjVuC3nn4jSTCouO8Lzs6x6OlZ4_QRmz95Xw3
534-5.7.14 4Z_yLM7FCkdlmWe5jZvQ6eYIujRn8> Please log in via your web browser and
534-5.7.14 then try again.
534-5.7.14  Learn more at
534 5.7.14  https://support.google.com/mail/answer/78754 x2sm3314536pfi.80 - gsmtp

	at com.sun.mail.smtp.SMTPTransport$Authenticator.authenticate(SMTPTransport.java:826)
	at com.sun.mail.smtp.SMTPTransport.authenticate(SMTPTransport.java:761)
	at com.sun.mail.smtp.SMTPTransport.protocolConnect(SMTPTransport.java:685)
	at javax.mail.Service.connect(Service.java:317)
	at javax.mail.Service.connect(Service.java:176)
	at javax.mail.Service.connect(Service.java:125)
	at javax.mail.Transport.send0(Transport.java:253)
	at javax.mail.Transport.send(Transport.java:124)
	at automationFramework.Mail.sendEmail(Mail.java:88)
	... 26 more
... Removed 25 stack frames]]>
    </failure>
  </testcase> <!-- mail -->
</testsuite> <!-- Sending Mail -->
